[debug] [2019-09-29T09:55:21.327Z] ----------------------------------------------------------------------
[debug] [2019-09-29T09:55:21.329Z] Command:       /usr/local/bin/node /usr/local/bin/firebase serve
[debug] [2019-09-29T09:55:21.329Z] CLI Version:   7.4.0
[debug] [2019-09-29T09:55:21.330Z] Platform:      darwin
[debug] [2019-09-29T09:55:21.330Z] Node Version:  v8.12.0
[debug] [2019-09-29T09:55:21.330Z] Time:          Sun Sep 29 2019 12:55:21 GMT+0300 (MSK)
[debug] [2019-09-29T09:55:21.330Z] ----------------------------------------------------------------------
[debug] 
[debug] [2019-09-29T09:55:21.338Z] > command requires scopes: ["email","openid","https://www.googleapis.com/auth/cloudplatformprojects.readonly","https://www.googleapis.com/auth/firebase","https://www.googleapis.com/auth/cloud-platform"]
[debug] [2019-09-29T09:55:21.339Z] > authorizing via signed-in user
[debug] [2019-09-29T09:55:21.339Z] [iam] checking project migg-63592 for permissions ["firebase.projects.get"]
[debug] [2019-09-29T09:55:21.341Z] >>> HTTP REQUEST POST https://cloudresourcemanager.googleapis.com/v1/projects/migg-63592:testIamPermissions  

[debug] [2019-09-29T09:55:22.415Z] <<< HTTP RESPONSE 200
[debug] [2019-09-29T09:55:22.418Z] >>> HTTP REQUEST GET https://firebase.googleapis.com/v1beta1/projects/migg-63592  
 
[debug] [2019-09-29T09:55:22.698Z] <<< HTTP RESPONSE 200
[info] 
[info] === Serving from '/Users/anton/Desktop/loc/migg'...
[info] 
[debug] [2019-09-29T09:55:22.705Z] >>> HTTP REQUEST GET https://firebase.googleapis.com/v1beta1/projects/migg-63592/webApps/-/config  
 
[warn] ⚠  Your requested "node" version "10" doesn't match your global version "8"
[info] ✔  functions: Emulator started at http://localhost:5001
[debug] [2019-09-29T09:55:23.326Z] <<< HTTP RESPONSE 200
[info] i  functions: Watching "/Users/anton/Desktop/loc/migg/functions" for Cloud Functions...
[info] i  hosting: Serving hosting files from: static
[info] ✔  hosting: Local server: http://localhost:5000
[debug] [2019-09-29T09:55:23.767Z] [runtime-status] Functions runtime initialized. {"cwd":"/Users/anton/Desktop/loc/migg/functions","node_version":"8.12.0"}
[debug] [2019-09-29T09:55:23.768Z] [runtime-status] Disabled runtime features: {"functions_config_helper":true,"network_filtering":true,"timeout":true,"memory_limiting":true,"admin_stubs":true} {}
[debug] [2019-09-29T09:55:23.783Z] [runtime-status] Resolved module firebase-admin {"declared":true,"installed":true,"version":"8.3.0","resolution":"/Users/anton/Desktop/loc/migg/functions/node_modules/firebase-admin/lib/index.js"}
[debug] [2019-09-29T09:55:23.787Z] [runtime-status] Resolved module firebase-functions {"declared":true,"installed":true,"version":"3.2.0","resolution":"/Users/anton/Desktop/loc/migg/functions/node_modules/firebase-functions/lib/index.js"}
[debug] [2019-09-29T09:55:23.789Z] [runtime-status] Resolved module firebase-functions {"declared":true,"installed":true,"version":"3.2.0","resolution":"/Users/anton/Desktop/loc/migg/functions/node_modules/firebase-functions/lib/index.js"}
[info] ✔  functions[ssr]: http function initialized (http://localhost:5001/migg-63592/us-central1/ssr).
[info] [hosting] Rewriting / to http://localhost:5001/migg-63592/us-central1/ssr for local Function ssr
[debug] [2019-09-29T09:55:37.113Z] Accepted request GET /migg-63592/us-central1/ssr/ --> ssr
[debug] [2019-09-29T09:55:37.734Z] [runtime-status] Functions runtime initialized. {"cwd":"/Users/anton/Desktop/loc/migg/functions","node_version":"8.12.0"}
[info] i  functions: Beginning execution of "ssr"
[debug] [2019-09-29T09:55:37.735Z] [runtime-status] Disabled runtime features: {"functions_config_helper":true,"network_filtering":true,"timeout":true,"memory_limiting":true,"admin_stubs":true} {}
[debug] [2019-09-29T09:55:37.740Z] [runtime-status] Resolved module firebase-admin {"declared":true,"installed":true,"version":"8.3.0","resolution":"/Users/anton/Desktop/loc/migg/functions/node_modules/firebase-admin/lib/index.js"}
[debug] [2019-09-29T09:55:37.742Z] [runtime-status] Resolved module firebase-functions {"declared":true,"installed":true,"version":"3.2.0","resolution":"/Users/anton/Desktop/loc/migg/functions/node_modules/firebase-functions/lib/index.js"}
[debug] [2019-09-29T09:55:37.743Z] [runtime-status] Resolved module firebase-functions {"declared":true,"installed":true,"version":"3.2.0","resolution":"/Users/anton/Desktop/loc/migg/functions/node_modules/firebase-functions/lib/index.js"}
[debug] [2019-09-29T09:55:38.139Z] [runtime-status] Trigger "ssr" has been found, beginning invocation! {}
[debug] [2019-09-29T09:55:38.139Z] [runtime-status]  {"httpsTrigger":{},"name":"ssr","entryPoint":"ssr"}
[debug] [2019-09-29T09:55:38.139Z] [runtime-status] Running ssr in mode HTTPS {}
[debug] [2019-09-29T09:55:38.153Z] {"socketPath":"/var/folders/g6/bhsshmv114b2zvq57ls12rph0000gn/T/firebase_emulator_invocation_1959.sock"}
[debug] [2019-09-29T09:55:38.157Z] [functions] Runtime ready! Sending request! {"socketPath":"/var/folders/g6/bhsshmv114b2zvq57ls12rph0000gn/T/firebase_emulator_invocation_1959.sock"}
[debug] [2019-09-29T09:55:38.179Z] [runtime-status] Ephemeral server used! {}
[info] >  [object Object]{"timestamp":"Sun Sep 29 2019 12:55:38 GMT+0300 (MSK)","level":"DEBUG","text":"Ephemeral server survived.","data":{},"type":"runtime-status"}
[info] i  functions: Finished "ssr" in ~1s
[info] [hosting] Rewriting /migg-63592/us-central1/ssr/client/client.d947def4.js to http://localhost:5001/migg-63592/us-central1/ssr for local Function ssr
[info] [hosting] Rewriting /migg-63592/us-central1/ssr/global.css to http://localhost:5001/migg-63592/us-central1/ssr for local Function ssr
[info] [hosting] Rewriting /migg-63592/us-central1/ssr/client/main.850609924.css to http://localhost:5001/migg-63592/us-central1/ssr for local Function ssr
[info] [hosting] Rewriting /migg-63592/us-central1/ssr/client/index.b01bdc5f.css to http://localhost:5001/migg-63592/us-central1/ssr for local Function ssr
[debug] [2019-09-29T09:55:38.255Z] Accepted request GET /migg-63592/us-central1/ssr/migg-63592/us-central1/ssr/client/client.d947def4.js --> ssr
[debug] [2019-09-29T09:55:38.263Z] Accepted request GET /migg-63592/us-central1/ssr/migg-63592/us-central1/ssr/global.css --> ssr
[debug] [2019-09-29T09:55:38.274Z] Accepted request GET /migg-63592/us-central1/ssr/migg-63592/us-central1/ssr/client/main.850609924.css --> ssr
[debug] [2019-09-29T09:55:38.280Z] Accepted request GET /migg-63592/us-central1/ssr/migg-63592/us-central1/ssr/client/index.b01bdc5f.css --> ssr
[debug] [2019-09-29T09:55:39.071Z] [runtime-status] Functions runtime initialized. {"cwd":"/Users/anton/Desktop/loc/migg/functions","node_version":"8.12.0"}
[info] i  functions: Beginning execution of "ssr"
[debug] [2019-09-29T09:55:39.073Z] [runtime-status] Disabled runtime features: {"functions_config_helper":true,"network_filtering":true,"timeout":true,"memory_limiting":true,"admin_stubs":true} {}
[debug] [2019-09-29T09:55:39.078Z] [runtime-status] Resolved module firebase-admin {"declared":true,"installed":true,"version":"8.3.0","resolution":"/Users/anton/Desktop/loc/migg/functions/node_modules/firebase-admin/lib/index.js"}
[debug] [2019-09-29T09:55:39.080Z] [runtime-status] Resolved module firebase-functions {"declared":true,"installed":true,"version":"3.2.0","resolution":"/Users/anton/Desktop/loc/migg/functions/node_modules/firebase-functions/lib/index.js"}
[debug] [2019-09-29T09:55:39.082Z] [runtime-status] Resolved module firebase-functions {"declared":true,"installed":true,"version":"3.2.0","resolution":"/Users/anton/Desktop/loc/migg/functions/node_modules/firebase-functions/lib/index.js"}
[debug] [2019-09-29T09:55:39.086Z] [runtime-status] Functions runtime initialized. {"cwd":"/Users/anton/Desktop/loc/migg/functions","node_version":"8.12.0"}
[info] i  functions: Beginning execution of "ssr"
[debug] [2019-09-29T09:55:39.087Z] [runtime-status] Disabled runtime features: {"functions_config_helper":true,"network_filtering":true,"timeout":true,"memory_limiting":true,"admin_stubs":true} {}
[debug] [2019-09-29T09:55:39.094Z] [runtime-status] Resolved module firebase-admin {"declared":true,"installed":true,"version":"8.3.0","resolution":"/Users/anton/Desktop/loc/migg/functions/node_modules/firebase-admin/lib/index.js"}
[debug] [2019-09-29T09:55:39.096Z] [runtime-status] Resolved module firebase-functions {"declared":true,"installed":true,"version":"3.2.0","resolution":"/Users/anton/Desktop/loc/migg/functions/node_modules/firebase-functions/lib/index.js"}
[debug] [2019-09-29T09:55:39.097Z] [runtime-status] Resolved module firebase-functions {"declared":true,"installed":true,"version":"3.2.0","resolution":"/Users/anton/Desktop/loc/migg/functions/node_modules/firebase-functions/lib/index.js"}
[debug] [2019-09-29T09:55:39.101Z] [runtime-status] Functions runtime initialized. {"cwd":"/Users/anton/Desktop/loc/migg/functions","node_version":"8.12.0"}
[info] i  functions: Beginning execution of "ssr"
[debug] [2019-09-29T09:55:39.103Z] [runtime-status] Disabled runtime features: {"functions_config_helper":true,"network_filtering":true,"timeout":true,"memory_limiting":true,"admin_stubs":true} {}
[debug] [2019-09-29T09:55:39.108Z] [runtime-status] Functions runtime initialized. {"cwd":"/Users/anton/Desktop/loc/migg/functions","node_version":"8.12.0"}
[debug] [2019-09-29T09:55:39.109Z] [runtime-status] Resolved module firebase-admin {"declared":true,"installed":true,"version":"8.3.0","resolution":"/Users/anton/Desktop/loc/migg/functions/node_modules/firebase-admin/lib/index.js"}
[info] i  functions: Beginning execution of "ssr"
[debug] [2019-09-29T09:55:39.110Z] [runtime-status] Disabled runtime features: {"functions_config_helper":true,"network_filtering":true,"timeout":true,"memory_limiting":true,"admin_stubs":true} {}
[debug] [2019-09-29T09:55:39.117Z] [runtime-status] Resolved module firebase-admin {"declared":true,"installed":true,"version":"8.3.0","resolution":"/Users/anton/Desktop/loc/migg/functions/node_modules/firebase-admin/lib/index.js"}
[debug] [2019-09-29T09:55:39.119Z] [runtime-status] Resolved module firebase-functions {"declared":true,"installed":true,"version":"3.2.0","resolution":"/Users/anton/Desktop/loc/migg/functions/node_modules/firebase-functions/lib/index.js"}
[debug] [2019-09-29T09:55:39.119Z] [runtime-status] Resolved module firebase-functions {"declared":true,"installed":true,"version":"3.2.0","resolution":"/Users/anton/Desktop/loc/migg/functions/node_modules/firebase-functions/lib/index.js"}
[debug] [2019-09-29T09:55:39.121Z] [runtime-status] Resolved module firebase-functions {"declared":true,"installed":true,"version":"3.2.0","resolution":"/Users/anton/Desktop/loc/migg/functions/node_modules/firebase-functions/lib/index.js"}
[debug] [2019-09-29T09:55:39.128Z] [runtime-status] Resolved module firebase-functions {"declared":true,"installed":true,"version":"3.2.0","resolution":"/Users/anton/Desktop/loc/migg/functions/node_modules/firebase-functions/lib/index.js"}
[debug] [2019-09-29T09:55:39.535Z] [runtime-status] Trigger "ssr" has been found, beginning invocation! {}
[debug] [2019-09-29T09:55:39.535Z] [runtime-status]  {"httpsTrigger":{},"name":"ssr","entryPoint":"ssr"}
[debug] [2019-09-29T09:55:39.535Z] [runtime-status] Running ssr in mode HTTPS {}
[debug] [2019-09-29T09:55:39.552Z] [runtime-status] Trigger "ssr" has been found, beginning invocation! {}
[debug] [2019-09-29T09:55:39.552Z] [runtime-status]  {"httpsTrigger":{},"name":"ssr","entryPoint":"ssr"}
[debug] [2019-09-29T09:55:39.552Z] [runtime-status] Running ssr in mode HTTPS {}
[debug] [2019-09-29T09:55:39.556Z] {"socketPath":"/var/folders/g6/bhsshmv114b2zvq57ls12rph0000gn/T/firebase_emulator_invocation_1961.sock"}
[debug] [2019-09-29T09:55:39.558Z] [functions] Runtime ready! Sending request! {"socketPath":"/var/folders/g6/bhsshmv114b2zvq57ls12rph0000gn/T/firebase_emulator_invocation_1961.sock"}
[debug] [2019-09-29T09:55:39.564Z] [runtime-status] Trigger "ssr" has been found, beginning invocation! {}
[debug] [2019-09-29T09:55:39.565Z] [runtime-status]  {"httpsTrigger":{},"name":"ssr","entryPoint":"ssr"}
[debug] [2019-09-29T09:55:39.565Z] [runtime-status] Running ssr in mode HTTPS {}
[debug] [2019-09-29T09:55:39.566Z] {"socketPath":"/var/folders/g6/bhsshmv114b2zvq57ls12rph0000gn/T/firebase_emulator_invocation_1960.sock"}
[debug] [2019-09-29T09:55:39.568Z] [functions] Runtime ready! Sending request! {"socketPath":"/var/folders/g6/bhsshmv114b2zvq57ls12rph0000gn/T/firebase_emulator_invocation_1960.sock"}
[debug] [2019-09-29T09:55:39.577Z] [runtime-status] Trigger "ssr" has been found, beginning invocation! {}
[debug] [2019-09-29T09:55:39.577Z] [runtime-status]  {"httpsTrigger":{},"name":"ssr","entryPoint":"ssr"}
[debug] [2019-09-29T09:55:39.577Z] [runtime-status] Running ssr in mode HTTPS {}
[debug] [2019-09-29T09:55:39.595Z] {"socketPath":"/var/folders/g6/bhsshmv114b2zvq57ls12rph0000gn/T/firebase_emulator_invocation_1963.sock"}
[debug] [2019-09-29T09:55:39.598Z] [functions] Runtime ready! Sending request! {"socketPath":"/var/folders/g6/bhsshmv114b2zvq57ls12rph0000gn/T/firebase_emulator_invocation_1963.sock"}
[debug] [2019-09-29T09:55:39.607Z] [runtime-status] Ephemeral server used! {}
[debug] [2019-09-29T09:55:39.610Z] {"socketPath":"/var/folders/g6/bhsshmv114b2zvq57ls12rph0000gn/T/firebase_emulator_invocation_1962.sock"}
[debug] [2019-09-29T09:55:39.611Z] [functions] Runtime ready! Sending request! {"socketPath":"/var/folders/g6/bhsshmv114b2zvq57ls12rph0000gn/T/firebase_emulator_invocation_1962.sock"}
[info] >  [object Object]{"timestamp":"Sun Sep 29 2019 12:55:39 GMT+0300 (MSK)","level":"DEBUG","text":"Ephemeral server survived.","data":{},"type":"runtime-status"}
[debug] [2019-09-29T09:55:39.624Z] [runtime-status] Ephemeral server used! {}
[info] i  functions: Finished "ssr" in ~1s
[info] >  [object Object]{"timestamp":"Sun Sep 29 2019 12:55:39 GMT+0300 (MSK)","level":"DEBUG","text":"Ephemeral server survived.","data":{},"type":"runtime-status"}
[debug] [2019-09-29T09:55:39.652Z] [runtime-status] Ephemeral server used! {}
[info] >  [object Object]{"timestamp":"Sun Sep 29 2019 12:55:39 GMT+0300 (MSK)","level":"DEBUG","text":"Ephemeral server survived.","data":{},"type":"runtime-status"}
[info] i  functions: Finished "ssr" in ~1s
[info] i  functions: Finished "ssr" in ~1s
[debug] [2019-09-29T09:55:39.688Z] [runtime-status] Ephemeral server used! {}
[info] >  [object Object]{"timestamp":"Sun Sep 29 2019 12:55:39 GMT+0300 (MSK)","level":"DEBUG","text":"Ephemeral server survived.","data":{},"type":"runtime-status"}
[info] i  functions: Finished "ssr" in ~1s
[info] [hosting] Rewriting /migg-63592/us-central1/ssr/service-worker.js to http://localhost:5001/migg-63592/us-central1/ssr for local Function ssr
[debug] [2019-09-29T09:55:39.969Z] Accepted request GET /migg-63592/us-central1/ssr/migg-63592/us-central1/ssr/service-worker.js --> ssr
[info] [hosting] Rewriting /migg-63592/us-central1/ssr/favicon.png to http://localhost:5001/migg-63592/us-central1/ssr for local Function ssr
[info] [hosting] Rewriting /migg-63592/us-central1/ssr/manifest.json to http://localhost:5001/migg-63592/us-central1/ssr for local Function ssr
[debug] [2019-09-29T09:55:40.076Z] Accepted request GET /migg-63592/us-central1/ssr/migg-63592/us-central1/ssr/favicon.png --> ssr
[debug] [2019-09-29T09:55:40.081Z] Accepted request GET /migg-63592/us-central1/ssr/migg-63592/us-central1/ssr/manifest.json --> ssr
[debug] [2019-09-29T09:55:40.423Z] [runtime-status] Functions runtime initialized. {"cwd":"/Users/anton/Desktop/loc/migg/functions","node_version":"8.12.0"}
[info] i  functions: Beginning execution of "ssr"
[debug] [2019-09-29T09:55:40.424Z] [runtime-status] Disabled runtime features: {"functions_config_helper":true,"network_filtering":true,"timeout":true,"memory_limiting":true,"admin_stubs":true} {}
[debug] [2019-09-29T09:55:40.429Z] [runtime-status] Resolved module firebase-admin {"declared":true,"installed":true,"version":"8.3.0","resolution":"/Users/anton/Desktop/loc/migg/functions/node_modules/firebase-admin/lib/index.js"}
[debug] [2019-09-29T09:55:40.431Z] [runtime-status] Resolved module firebase-functions {"declared":true,"installed":true,"version":"3.2.0","resolution":"/Users/anton/Desktop/loc/migg/functions/node_modules/firebase-functions/lib/index.js"}
[debug] [2019-09-29T09:55:40.433Z] [runtime-status] Resolved module firebase-functions {"declared":true,"installed":true,"version":"3.2.0","resolution":"/Users/anton/Desktop/loc/migg/functions/node_modules/firebase-functions/lib/index.js"}
[debug] [2019-09-29T09:55:40.525Z] [runtime-status] Functions runtime initialized. {"cwd":"/Users/anton/Desktop/loc/migg/functions","node_version":"8.12.0"}
[info] i  functions: Beginning execution of "ssr"
[debug] [2019-09-29T09:55:40.527Z] [runtime-status] Disabled runtime features: {"functions_config_helper":true,"network_filtering":true,"timeout":true,"memory_limiting":true,"admin_stubs":true} {}
[debug] [2019-09-29T09:55:40.530Z] [runtime-status] Resolved module firebase-admin {"declared":true,"installed":true,"version":"8.3.0","resolution":"/Users/anton/Desktop/loc/migg/functions/node_modules/firebase-admin/lib/index.js"}
[debug] [2019-09-29T09:55:40.532Z] [runtime-status] Resolved module firebase-functions {"declared":true,"installed":true,"version":"3.2.0","resolution":"/Users/anton/Desktop/loc/migg/functions/node_modules/firebase-functions/lib/index.js"}
[debug] [2019-09-29T09:55:40.534Z] [runtime-status] Resolved module firebase-functions {"declared":true,"installed":true,"version":"3.2.0","resolution":"/Users/anton/Desktop/loc/migg/functions/node_modules/firebase-functions/lib/index.js"}
[debug] [2019-09-29T09:55:40.553Z] [runtime-status] Functions runtime initialized. {"cwd":"/Users/anton/Desktop/loc/migg/functions","node_version":"8.12.0"}
[info] i  functions: Beginning execution of "ssr"
[debug] [2019-09-29T09:55:40.558Z] [runtime-status] Disabled runtime features: {"functions_config_helper":true,"network_filtering":true,"timeout":true,"memory_limiting":true,"admin_stubs":true} {}
[debug] [2019-09-29T09:55:40.560Z] [runtime-status] Resolved module firebase-admin {"declared":true,"installed":true,"version":"8.3.0","resolution":"/Users/anton/Desktop/loc/migg/functions/node_modules/firebase-admin/lib/index.js"}
[debug] [2019-09-29T09:55:40.562Z] [runtime-status] Resolved module firebase-functions {"declared":true,"installed":true,"version":"3.2.0","resolution":"/Users/anton/Desktop/loc/migg/functions/node_modules/firebase-functions/lib/index.js"}
[debug] [2019-09-29T09:55:40.563Z] [runtime-status] Resolved module firebase-functions {"declared":true,"installed":true,"version":"3.2.0","resolution":"/Users/anton/Desktop/loc/migg/functions/node_modules/firebase-functions/lib/index.js"}
[debug] [2019-09-29T09:55:40.705Z] [runtime-status] Trigger "ssr" has been found, beginning invocation! {}
[debug] [2019-09-29T09:55:40.706Z] [runtime-status]  {"httpsTrigger":{},"name":"ssr","entryPoint":"ssr"}
[debug] [2019-09-29T09:55:40.706Z] [runtime-status] Running ssr in mode HTTPS {}
[debug] [2019-09-29T09:55:40.736Z] {"socketPath":"/var/folders/g6/bhsshmv114b2zvq57ls12rph0000gn/T/firebase_emulator_invocation_1964.sock"}
[debug] [2019-09-29T09:55:40.738Z] [functions] Runtime ready! Sending request! {"socketPath":"/var/folders/g6/bhsshmv114b2zvq57ls12rph0000gn/T/firebase_emulator_invocation_1964.sock"}
[debug] [2019-09-29T09:55:40.772Z] [runtime-status] Ephemeral server used! {}
[info] >  [object Object]{"timestamp":"Sun Sep 29 2019 12:55:40 GMT+0300 (MSK)","level":"DEBUG","text":"Ephemeral server survived.","data":{},"type":"runtime-status"}
[info] i  functions: Finished "ssr" in ~1s
[debug] [2019-09-29T09:55:40.823Z] [runtime-status] Trigger "ssr" has been found, beginning invocation! {}
[debug] [2019-09-29T09:55:40.823Z] [runtime-status]  {"httpsTrigger":{},"name":"ssr","entryPoint":"ssr"}
[debug] [2019-09-29T09:55:40.823Z] [runtime-status] Running ssr in mode HTTPS {}
[debug] [2019-09-29T09:55:40.835Z] {"socketPath":"/var/folders/g6/bhsshmv114b2zvq57ls12rph0000gn/T/firebase_emulator_invocation_1966.sock"}
[debug] [2019-09-29T09:55:40.836Z] [functions] Runtime ready! Sending request! {"socketPath":"/var/folders/g6/bhsshmv114b2zvq57ls12rph0000gn/T/firebase_emulator_invocation_1966.sock"}
[debug] [2019-09-29T09:55:40.850Z] [runtime-status] Trigger "ssr" has been found, beginning invocation! {}
[debug] [2019-09-29T09:55:40.850Z] [runtime-status]  {"httpsTrigger":{},"name":"ssr","entryPoint":"ssr"}
[debug] [2019-09-29T09:55:40.851Z] [runtime-status] Running ssr in mode HTTPS {}
[debug] [2019-09-29T09:55:40.863Z] {"socketPath":"/var/folders/g6/bhsshmv114b2zvq57ls12rph0000gn/T/firebase_emulator_invocation_1965.sock"}
[debug] [2019-09-29T09:55:40.864Z] [functions] Runtime ready! Sending request! {"socketPath":"/var/folders/g6/bhsshmv114b2zvq57ls12rph0000gn/T/firebase_emulator_invocation_1965.sock"}
[debug] [2019-09-29T09:55:40.867Z] [runtime-status] Ephemeral server used! {}
[info] >  [object Object]{"timestamp":"Sun Sep 29 2019 12:55:40 GMT+0300 (MSK)","level":"DEBUG","text":"Ephemeral server survived.","data":{},"type":"runtime-status"}
[info] i  functions: Finished "ssr" in ~1s
[debug] [2019-09-29T09:55:40.894Z] [runtime-status] Ephemeral server used! {}
[info] >  [object Object]{"timestamp":"Sun Sep 29 2019 12:55:40 GMT+0300 (MSK)","level":"DEBUG","text":"Ephemeral server survived.","data":{},"type":"runtime-status"}
[info] i  functions: Finished "ssr" in ~1s
